0 info it worked if it ends with ok
1 verbose cli [ 'C:\\Program Files\\nodejs\\node.exe',
1 verbose cli   'C:\\Users\\Dinka\\AppData\\Roaming\\npm\\node_modules\\npm\\bin\\npm-cli.js',
1 verbose cli   'run',
1 verbose cli   'dev' ]
2 info using npm@3.10.9
3 info using node@v6.0.0
4 verbose run-script [ 'predev', 'dev', 'postdev' ]
5 info lifecycle adonis-app@3.1.0~predev: adonis-app@3.1.0
6 silly lifecycle adonis-app@3.1.0~predev: no script for predev, continuing
7 info lifecycle adonis-app@3.1.0~dev: adonis-app@3.1.0
8 verbose lifecycle adonis-app@3.1.0~dev: unsafe-perm in lifecycle true
9 verbose lifecycle adonis-app@3.1.0~dev: PATH: C:\Users\Dinka\AppData\Roaming\npm\node_modules\npm\bin\node-gyp-bin;c:\Users\Dinka\Desktop\latnivalok\node_modules\.bin;C:\ProgramData\Oracle\Java\javapath;C:\WINDOWS\system32;C:\WINDOWS;C:\WINDOWS\System32\Wbem;C:\WINDOWS\System32\WindowsPowerShell\v1.0\;C:\WINDOWS\system32\config\systemprofile\.dnx\bin;C:\Program Files\Microsoft DNX\Dnvm\;C:\Program Files\Java\jdk1.8.0_71\bin;C:\Program Files (x86)\Windows Kits\8.1\Windows Performance Toolkit\;C:\Program Files (x86)\MiKTeX 2.9\miktex\bin\;C:\Program Files\Git\cmd;C:\Program Files\nodejs\;C:\Users\Dinka\AppData\Local\Programs\Python\Python35-32\Scripts\;C:\Users\Dinka\AppData\Local\Programs\Python\Python35-32\;C:\Program Files (x86)\CodeBlocks\MinGW\bin;C:\Program Files (x86)\Microsoft VS Code\bin;C:\Users\Dinka\AppData\Local\Microsoft\WindowsApps;C:\Users\Dinka\AppData\Roaming\npm
10 verbose lifecycle adonis-app@3.1.0~dev: CWD: c:\Users\Dinka\Desktop\latnivalok
11 silly lifecycle adonis-app@3.1.0~dev: Args: [ '/d /s /c',
11 silly lifecycle   'nodemon --watch app --watch bootstrap --watch config --watch .env -x node server.js' ]
12 silly lifecycle adonis-app@3.1.0~dev: Returned: code: 3221225786  signal: null
13 info lifecycle adonis-app@3.1.0~dev: Failed to exec dev script
14 verbose stack Error: adonis-app@3.1.0 dev: `nodemon --watch app --watch bootstrap --watch config --watch .env -x node server.js`
14 verbose stack Exit status 3221225786
14 verbose stack     at EventEmitter.<anonymous> (C:\Users\Dinka\AppData\Roaming\npm\node_modules\npm\lib\utils\lifecycle.js:255:16)
14 verbose stack     at emitTwo (events.js:106:13)
14 verbose stack     at EventEmitter.emit (events.js:191:7)
14 verbose stack     at ChildProcess.<anonymous> (C:\Users\Dinka\AppData\Roaming\npm\node_modules\npm\lib\utils\spawn.js:40:14)
14 verbose stack     at emitTwo (events.js:106:13)
14 verbose stack     at ChildProcess.emit (events.js:191:7)
14 verbose stack     at maybeClose (internal/child_process.js:850:16)
14 verbose stack     at Process.ChildProcess._handle.onexit (internal/child_process.js:215:5)
15 verbose pkgid adonis-app@3.1.0
16 verbose cwd c:\Users\Dinka\Desktop\latnivalok
17 error Windows_NT 10.0.14393
18 error argv "C:\\Program Files\\nodejs\\node.exe" "C:\\Users\\Dinka\\AppData\\Roaming\\npm\\node_modules\\npm\\bin\\npm-cli.js" "run" "dev"
19 error node v6.0.0
20 error npm  v3.10.9
21 error code ELIFECYCLE
22 error adonis-app@3.1.0 dev: `nodemon --watch app --watch bootstrap --watch config --watch .env -x node server.js`
22 error Exit status 3221225786
23 error Failed at the adonis-app@3.1.0 dev script 'nodemon --watch app --watch bootstrap --watch config --watch .env -x node server.js'.
23 error Make sure you have the latest version of node.js and npm installed.
23 error If you do, this is most likely a problem with the adonis-app package,
23 error not with npm itself.
23 error Tell the author that this fails on your system:
23 error     nodemon --watch app --watch bootstrap --watch config --watch .env -x node server.js
23 error You can get information on how to open an issue for this project with:
23 error     npm bugs adonis-app
23 error Or if that isn't available, you can get their info via:
23 error     npm owner ls adonis-app
23 error There is likely additional logging output above.
24 verbose exit [ 1, true ]
